<?xml version="1.0" encoding="UTF-8" ?>
<testsuites name="vitest tests" tests="1" failures="1" errors="0" time="0">
    <testsuite name="tests/003-strict-type-fixes/integration/home-page.test.jsx" timestamp="2026-02-08T15:49:01.394Z" hostname="Mac" tests="1" failures="1" errors="0" skipped="0" time="0">
        <testcase classname="tests/003-strict-type-fixes/integration/home-page.test.jsx" name="tests/003-strict-type-fixes/integration/home-page.test.jsx" time="0">
            <failure message="Failed to parse source for import analysis because the content contains invalid JS syntax. If you are using JSX, make sure to name the file with the .jsx or .tsx extension." type="Error">
Error: Failed to parse source for import analysis because the content contains invalid JS syntax. If you are using JSX, make sure to name the file with the .jsx or .tsx extension.
  Plugin: vite:import-analysis
  File: /Users/chentzuyu/Desktop/dive-into-run/src/app/page.js:10:28
  8  |    return (
  9  |      &lt;div&gt;
  10 |        &lt;h1&gt;Dive Into Run&lt;/h1&gt;
     |                              ^
  11 |        &lt;br /&gt;
  12 |        {/* &lt;Link href={&quot;member&quot;}&gt;會員頁面&lt;/Link&gt; */}
 ❯ TransformPluginContext._formatLog node_modules/vite/dist/node/chunks/config.js:28999:43
 ❯ TransformPluginContext.error node_modules/vite/dist/node/chunks/config.js:28996:14
 ❯ TransformPluginContext.transform node_modules/vite/dist/node/chunks/config.js:27082:10
 ❯ EnvironmentPluginContainer.transform node_modules/vite/dist/node/chunks/config.js:28797:14
 ❯ loadAndTransform node_modules/vite/dist/node/chunks/config.js:22670:26
            </failure>
        </testcase>
    </testsuite>
</testsuites>
