<?xml version="1.0" encoding="UTF-8" ?>
<testsuites name="vitest tests" tests="17" failures="0" errors="0" time="0.009856458">
    <testsuite name="tests/003-strict-type-fixes/unit/firebase-events.test.js" timestamp="2026-02-08T15:48:44.639Z" hostname="Mac" tests="17" failures="0" errors="0" skipped="0" time="0.009856458">
        <testcase classname="tests/003-strict-type-fixes/unit/firebase-events.test.js" name="firebase-events &gt; normalizeEventPayload &gt; should normalize valid payload" time="0.001782208">
        </testcase>
        <testcase classname="tests/003-strict-type-fixes/unit/firebase-events.test.js" name="firebase-events &gt; normalizeEventPayload &gt; should throw error for invalid time" time="0.000597292">
        </testcase>
        <testcase classname="tests/003-strict-type-fixes/unit/firebase-events.test.js" name="firebase-events &gt; normalizeEventPayload &gt; should throw error for invalid distance" time="0.000265">
        </testcase>
        <testcase classname="tests/003-strict-type-fixes/unit/firebase-events.test.js" name="firebase-events &gt; createEvent &gt; should call addDoc with correct payload" time="0.0019885">
        </testcase>
        <testcase classname="tests/003-strict-type-fixes/unit/firebase-events.test.js" name="firebase-events &gt; fetchLatestEvents &gt; should return events and lastDoc" time="0.000660541">
        </testcase>
        <testcase classname="tests/003-strict-type-fixes/unit/firebase-events.test.js" name="firebase-events &gt; queryEvents &gt; should query with filters" time="0.000534583">
        </testcase>
        <testcase classname="tests/003-strict-type-fixes/unit/firebase-events.test.js" name="firebase-events &gt; queryEvents &gt; should filter by time" time="0.000193916">
        </testcase>
        <testcase classname="tests/003-strict-type-fixes/unit/firebase-events.test.js" name="firebase-events &gt; fetchEventById &gt; should return null if not found" time="0.000140958">
        </testcase>
        <testcase classname="tests/003-strict-type-fixes/unit/firebase-events.test.js" name="firebase-events &gt; fetchEventById &gt; should return event data if found" time="0.000359666">
        </testcase>
        <testcase classname="tests/003-strict-type-fixes/unit/firebase-events.test.js" name="firebase-events &gt; fetchNextEvents &gt; should use startAfter" time="0.000231166">
        </testcase>
        <testcase classname="tests/003-strict-type-fixes/unit/firebase-events.test.js" name="firebase-events &gt; fetchNextEvents &gt; should return empty if no afterDoc" time="0.000101">
        </testcase>
        <testcase classname="tests/003-strict-type-fixes/unit/firebase-events.test.js" name="firebase-events &gt; joinEvent &gt; should succeed if valid" time="0.000320584">
        </testcase>
        <testcase classname="tests/003-strict-type-fixes/unit/firebase-events.test.js" name="firebase-events &gt; joinEvent &gt; should return full if no seats" time="0.000129625">
        </testcase>
        <testcase classname="tests/003-strict-type-fixes/unit/firebase-events.test.js" name="firebase-events &gt; joinEvent &gt; should return already_joined if joined" time="0.000118875">
        </testcase>
        <testcase classname="tests/003-strict-type-fixes/unit/firebase-events.test.js" name="firebase-events &gt; leaveEvent &gt; should succeed if joined" time="0.000219208">
        </testcase>
        <testcase classname="tests/003-strict-type-fixes/unit/firebase-events.test.js" name="firebase-events &gt; fetchParticipants &gt; should return list" time="0.00041">
        </testcase>
        <testcase classname="tests/003-strict-type-fixes/unit/firebase-events.test.js" name="firebase-events &gt; fetchMyJoinedEventsForIds &gt; should return set of joined ids" time="0.000154458">
        </testcase>
    </testsuite>
</testsuites>
