<?xml version="1.0" encoding="UTF-8" ?>
<testsuites name="vitest tests" tests="15" failures="0" errors="0" time="0.009951416">
    <testsuite name="tests/002-jsdoc-refactor/unit/firebase-events.test.js" timestamp="2026-02-07T16:45:09.412Z" hostname="chenziyoudeMacBook-Air.local" tests="15" failures="0" errors="0" skipped="0" time="0.009951416">
        <testcase classname="tests/002-jsdoc-refactor/unit/firebase-events.test.js" name="firebase-events &gt; normalizeEventPayload &gt; should normalize valid payload" time="0.001989291">
        </testcase>
        <testcase classname="tests/002-jsdoc-refactor/unit/firebase-events.test.js" name="firebase-events &gt; normalizeEventPayload &gt; should throw error for invalid time" time="0.000588875">
        </testcase>
        <testcase classname="tests/002-jsdoc-refactor/unit/firebase-events.test.js" name="firebase-events &gt; normalizeEventPayload &gt; should throw error for invalid distance" time="0.000270041">
        </testcase>
        <testcase classname="tests/002-jsdoc-refactor/unit/firebase-events.test.js" name="firebase-events &gt; createEvent &gt; should call addDoc with correct payload" time="0.002002083">
        </testcase>
        <testcase classname="tests/002-jsdoc-refactor/unit/firebase-events.test.js" name="firebase-events &gt; fetchLatestEvents &gt; should return events and lastDoc" time="0.000643833">
        </testcase>
        <testcase classname="tests/002-jsdoc-refactor/unit/firebase-events.test.js" name="firebase-events &gt; queryEvents &gt; should query with filters" time="0.000566958">
        </testcase>
        <testcase classname="tests/002-jsdoc-refactor/unit/firebase-events.test.js" name="firebase-events &gt; queryEvents &gt; should filter by time" time="0.000189709">
        </testcase>
        <testcase classname="tests/002-jsdoc-refactor/unit/firebase-events.test.js" name="firebase-events &gt; fetchEventById &gt; should return null if not found" time="0.000138042">
        </testcase>
        <testcase classname="tests/002-jsdoc-refactor/unit/firebase-events.test.js" name="firebase-events &gt; fetchEventById &gt; should return event data if found" time="0.000354917">
        </testcase>
        <testcase classname="tests/002-jsdoc-refactor/unit/firebase-events.test.js" name="firebase-events &gt; fetchNextEvents &gt; should use startAfter" time="0.000230125">
        </testcase>
        <testcase classname="tests/002-jsdoc-refactor/unit/firebase-events.test.js" name="firebase-events &gt; fetchNextEvents &gt; should return empty if no afterDoc" time="0.000105083">
        </testcase>
        <testcase classname="tests/002-jsdoc-refactor/unit/firebase-events.test.js" name="firebase-events &gt; joinEvent &gt; should succeed if valid" time="0.000336334">
        </testcase>
        <testcase classname="tests/002-jsdoc-refactor/unit/firebase-events.test.js" name="firebase-events &gt; leaveEvent &gt; should succeed if joined" time="0.00023675">
        </testcase>
        <testcase classname="tests/002-jsdoc-refactor/unit/firebase-events.test.js" name="firebase-events &gt; fetchParticipants &gt; should return list" time="0.000391333">
        </testcase>
        <testcase classname="tests/002-jsdoc-refactor/unit/firebase-events.test.js" name="firebase-events &gt; fetchMyJoinedEventsForIds &gt; should return set of joined ids" time="0.000154875">
        </testcase>
    </testsuite>
</testsuites>
